2022.09.11 02:39 B C:\Users\HP\Desktop\machala-laundry\fonts\dosis-v27-latin-500.eot --> ftp.machalalaundryservice.com /public_html/fonts dosis-v27-latin-500.eot
2022.09.11 02:39 B C:\Users\HP\Desktop\machala-laundry\fonts\dosis-v27-latin-500.ttf --> ftp.machalalaundryservice.com /public_html/fonts dosis-v27-latin-500.ttf
2022.09.11 02:39 B C:\Users\HP\Desktop\machala-laundry\fonts\dosis-v27-latin-500.woff --> ftp.machalalaundryservice.com /public_html/fonts dosis-v27-latin-500.woff
2022.09.11 02:39 B C:\Users\HP\Desktop\machala-laundry\fonts\dosis-v27-latin-500.woff2 --> ftp.machalalaundryservice.com /public_html/fonts dosis-v27-latin-500.woff2
2022.09.11 02:39 B C:\Users\HP\Desktop\machala-laundry\fonts\dosis-v27-latin-700.eot --> ftp.machalalaundryservice.com /public_html/fonts dosis-v27-latin-700.eot
2022.09.11 02:39 B C:\Users\HP\Desktop\machala-laundry\fonts\dosis-v27-latin-700.ttf --> ftp.machalalaundryservice.com /public_html/fonts dosis-v27-latin-700.ttf
2022.09.11 02:39 B C:\Users\HP\Desktop\machala-laundry\fonts\dosis-v27-latin-700.woff --> ftp.machalalaundryservice.com /public_html/fonts dosis-v27-latin-700.woff
2022.09.11 02:39 B C:\Users\HP\Desktop\machala-laundry\fonts\dosis-v27-latin-700.woff2 --> ftp.machalalaundryservice.com /public_html/fonts dosis-v27-latin-700.woff2
2022.09.11 02:39 B C:\Users\HP\Desktop\machala-laundry\fonts\dosis-v27-latin-800.eot --> ftp.machalalaundryservice.com /public_html/fonts dosis-v27-latin-800.eot
2022.09.11 02:39 B C:\Users\HP\Desktop\machala-laundry\fonts\dosis-v27-latin-800.ttf --> ftp.machalalaundryservice.com /public_html/fonts dosis-v27-latin-800.ttf
2022.09.11 02:39 B C:\Users\HP\Desktop\machala-laundry\fonts\dosis-v27-latin-800.woff --> ftp.machalalaundryservice.com /public_html/fonts dosis-v27-latin-800.woff
2022.09.11 02:39 B C:\Users\HP\Desktop\machala-laundry\fonts\dosis-v27-latin-800.woff2 --> ftp.machalalaundryservice.com /public_html/fonts dosis-v27-latin-800.woff2
2022.09.11 02:39 B C:\Users\HP\Desktop\machala-laundry\fonts\poppins-v20-latin-700.eot --> ftp.machalalaundryservice.com /public_html/fonts poppins-v20-latin-700.eot
2022.09.11 02:39 B C:\Users\HP\Desktop\machala-laundry\fonts\poppins-v20-latin-700.ttf --> ftp.machalalaundryservice.com /public_html/fonts poppins-v20-latin-700.ttf
2022.09.11 02:39 B C:\Users\HP\Desktop\machala-laundry\fonts\poppins-v20-latin-700.woff --> ftp.machalalaundryservice.com /public_html/fonts poppins-v20-latin-700.woff
2022.09.11 02:39 B C:\Users\HP\Desktop\machala-laundry\fonts\poppins-v20-latin-700.woff2 --> ftp.machalalaundryservice.com /public_html/fonts poppins-v20-latin-700.woff2
2022.09.11 02:39 B C:\Users\HP\Desktop\machala-laundry\fonts\poppins-v20-latin-900.eot --> ftp.machalalaundryservice.com /public_html/fonts poppins-v20-latin-900.eot
2022.09.11 02:39 B C:\Users\HP\Desktop\machala-laundry\fonts\poppins-v20-latin-900.ttf --> ftp.machalalaundryservice.com /public_html/fonts poppins-v20-latin-900.ttf
2022.09.11 02:39 B C:\Users\HP\Desktop\machala-laundry\fonts\poppins-v20-latin-900.woff --> ftp.machalalaundryservice.com /public_html/fonts poppins-v20-latin-900.woff
2022.09.11 02:39 B C:\Users\HP\Desktop\machala-laundry\fonts\poppins-v20-latin-900.woff2 --> ftp.machalalaundryservice.com /public_html/fonts poppins-v20-latin-900.woff2
2022.09.11 02:39 B C:\Users\HP\Desktop\machala-laundry\fonts\poppins-v20-latin-italic.eot --> ftp.machalalaundryservice.com /public_html/fonts poppins-v20-latin-italic.eot
2022.09.11 02:39 B C:\Users\HP\Desktop\machala-laundry\fonts\poppins-v20-latin-italic.ttf --> ftp.machalalaundryservice.com /public_html/fonts poppins-v20-latin-italic.ttf
2022.09.11 02:39 B C:\Users\HP\Desktop\machala-laundry\fonts\poppins-v20-latin-italic.woff --> ftp.machalalaundryservice.com /public_html/fonts poppins-v20-latin-italic.woff
2022.09.11 02:39 B C:\Users\HP\Desktop\machala-laundry\fonts\poppins-v20-latin-italic.woff2 --> ftp.machalalaundryservice.com /public_html/fonts poppins-v20-latin-italic.woff2
2022.09.11 02:39 B C:\Users\HP\Desktop\machala-laundry\fonts\poppins-v20-latin-regular.eot --> ftp.machalalaundryservice.com /public_html/fonts poppins-v20-latin-regular.eot
2022.09.11 02:39 B C:\Users\HP\Desktop\machala-laundry\fonts\poppins-v20-latin-regular.ttf --> ftp.machalalaundryservice.com /public_html/fonts poppins-v20-latin-regular.ttf
2022.09.11 02:39 B C:\Users\HP\Desktop\machala-laundry\fonts\poppins-v20-latin-regular.woff --> ftp.machalalaundryservice.com /public_html/fonts poppins-v20-latin-regular.woff
2022.09.11 02:39 B C:\Users\HP\Desktop\machala-laundry\fonts\poppins-v20-latin-regular.woff2 --> ftp.machalalaundryservice.com /public_html/fonts poppins-v20-latin-regular.woff2
2022.09.11 02:39 B C:\Users\HP\Desktop\machala-laundry\fonts\rubik-bubbles-v2-latin-regular.eot --> ftp.machalalaundryservice.com /public_html/fonts rubik-bubbles-v2-latin-regular.eot
2022.09.11 02:40 B C:\Users\HP\Desktop\machala-laundry\fonts\rubik-bubbles-v2-latin-regular.ttf --> ftp.machalalaundryservice.com /public_html/fonts rubik-bubbles-v2-latin-regular.ttf
2022.09.11 02:40 B C:\Users\HP\Desktop\machala-laundry\fonts\rubik-bubbles-v2-latin-regular.woff --> ftp.machalalaundryservice.com /public_html/fonts rubik-bubbles-v2-latin-regular.woff
2022.09.11 02:40 B C:\Users\HP\Desktop\machala-laundry\fonts\rubik-bubbles-v2-latin-regular.woff2 --> ftp.machalalaundryservice.com /public_html/fonts rubik-bubbles-v2-latin-regular.woff2
2022.09.11 02:40 B C:\Users\HP\Desktop\machala-laundry\fonts\rubik-microbe-v2-latin-regular.eot --> ftp.machalalaundryservice.com /public_html/fonts rubik-microbe-v2-latin-regular.eot
2022.09.11 02:40 B C:\Users\HP\Desktop\machala-laundry\fonts\rubik-microbe-v2-latin-regular.ttf --> ftp.machalalaundryservice.com /public_html/fonts rubik-microbe-v2-latin-regular.ttf
2022.09.11 02:40 B C:\Users\HP\Desktop\machala-laundry\fonts\rubik-microbe-v2-latin-regular.woff --> ftp.machalalaundryservice.com /public_html/fonts rubik-microbe-v2-latin-regular.woff
2022.09.11 02:40 B C:\Users\HP\Desktop\machala-laundry\fonts\rubik-microbe-v2-latin-regular.woff2 --> ftp.machalalaundryservice.com /public_html/fonts rubik-microbe-v2-latin-regular.woff2
2022.09.11 02:40 B C:\Users\HP\Desktop\machala-laundry\fonts\rubik-mono-one-v14-latin-regular.eot --> ftp.machalalaundryservice.com /public_html/fonts rubik-mono-one-v14-latin-regular.eot
2022.09.11 02:40 B C:\Users\HP\Desktop\machala-laundry\fonts\rubik-mono-one-v14-latin-regular.ttf --> ftp.machalalaundryservice.com /public_html/fonts rubik-mono-one-v14-latin-regular.ttf
2022.09.11 02:40 B C:\Users\HP\Desktop\machala-laundry\fonts\rubik-mono-one-v14-latin-regular.woff --> ftp.machalalaundryservice.com /public_html/fonts rubik-mono-one-v14-latin-regular.woff
2022.09.11 02:40 B C:\Users\HP\Desktop\machala-laundry\fonts\rubik-mono-one-v14-latin-regular.woff2 --> ftp.machalalaundryservice.com /public_html/fonts rubik-mono-one-v14-latin-regular.woff2
2022.09.11 02:40 B C:\Users\HP\Desktop\machala-laundry\fonts\rubik-moonrocks-v2-latin-regular.eot --> ftp.machalalaundryservice.com /public_html/fonts rubik-moonrocks-v2-latin-regular.eot
2022.09.11 02:40 B C:\Users\HP\Desktop\machala-laundry\fonts\rubik-moonrocks-v2-latin-regular.ttf --> ftp.machalalaundryservice.com /public_html/fonts rubik-moonrocks-v2-latin-regular.ttf
2022.09.11 02:40 B C:\Users\HP\Desktop\machala-laundry\fonts\rubik-moonrocks-v2-latin-regular.woff --> ftp.machalalaundryservice.com /public_html/fonts rubik-moonrocks-v2-latin-regular.woff
2022.09.11 02:40 B C:\Users\HP\Desktop\machala-laundry\fonts\rubik-moonrocks-v2-latin-regular.woff2 --> ftp.machalalaundryservice.com /public_html/fonts rubik-moonrocks-v2-latin-regular.woff2
2022.09.11 02:40 B C:\Users\HP\Desktop\machala-laundry\fonts\rubik-wet-paint-v2-latin-regular.eot --> ftp.machalalaundryservice.com /public_html/fonts rubik-wet-paint-v2-latin-regular.eot
2022.09.11 02:40 B C:\Users\HP\Desktop\machala-laundry\fonts\rubik-wet-paint-v2-latin-regular.ttf --> ftp.machalalaundryservice.com /public_html/fonts rubik-wet-paint-v2-latin-regular.ttf
2022.09.11 02:40 B C:\Users\HP\Desktop\machala-laundry\fonts\rubik-wet-paint-v2-latin-regular.woff --> ftp.machalalaundryservice.com /public_html/fonts rubik-wet-paint-v2-latin-regular.woff
2022.09.11 02:41 B C:\Users\HP\Desktop\machala-laundry\fonts\rubik-wet-paint-v2-latin-regular.woff2 --> ftp.machalalaundryservice.com /public_html/fonts rubik-wet-paint-v2-latin-regular.woff2
